# JRE version: OpenJDK Runtime Environment Corretto-17.0.7.7.1 (17.0.7+7) (build 17.0.7+7-LTS)
# Java VM: OpenJDK 64-Bit Server VM Corretto-17.0.7.7.1 (17.0.7+7-LTS, mixed mode, sharing, tiered, compressed oops, compressed class ptrs, g1 gc, bsd-amd64)
Heap:
 garbage-first heap   total 262144K, used 54223K [0x00000007e0000000, 0x0000000800000000)
  region size 1024K, 22 young (22528K), 16 survivors (16384K)
 Metaspace       used 54308K, committed 54848K, reserved 393216K
  class space    used 7756K, committed 8000K, reserved 327680K
GC Heap History (12 events):
Event: 0.341 GC heap before
{Heap before GC invocations=0 (full 0):
 garbage-first heap   total 264192K, used 27604K [0x00000007e0000000, 0x0000000800000000)
  region size 1024K, 23 young (23552K), 0 survivors (0K)
 Metaspace       used 2443K, committed 2624K, reserved 393216K
  class space    used 281K, committed 384K, reserved 327680K
}
Event: 0.343 GC heap after
{Heap after GC invocations=1 (full 0):
 garbage-first heap   total 264192K, used 11408K [0x00000007e0000000, 0x0000000800000000)
  region size 1024K, 3 young (3072K), 3 survivors (3072K)
 Metaspace       used 2443K, committed 2624K, reserved 393216K
  class space    used 281K, committed 384K, reserved 327680K
}
Event: 0.591 GC heap before
{Heap before GC invocations=1 (full 0):
 garbage-first heap   total 264192K, used 48272K [0x00000007e0000000, 0x0000000800000000)
  region size 1024K, 37 young (37888K), 3 survivors (3072K)
 Metaspace       used 4135K, committed 4352K, reserved 393216K
  class space    used 513K, committed 640K, reserved 327680K
}
Event: 0.594 GC heap after
{Heap after GC invocations=2 (full 0):
 garbage-first heap   total 264192K, used 17021K [0x00000007e0000000, 0x0000000800000000)
  region size 1024K, 5 young (5120K), 5 survivors (5120K)
 Metaspace       used 4135K, committed 4352K, reserved 393216K
  class space    used 513K, committed 640K, reserved 327680K
}
Event: 1.710 GC heap before
{Heap before GC invocations=2 (full 0):
 garbage-first heap   total 264192K, used 124541K [0x00000007e0000000, 0x0000000800000000)
  region size 1024K, 111 young (113664K), 5 survivors (5120K)
 Metaspace       used 21187K, committed 21504K, reserved 393216K
  class space    used 3151K, committed 3328K, reserved 327680K
}
Event: 1.716 GC heap after
{Heap after GC invocations=3 (full 0):
 garbage-first heap   total 264192K, used 23296K [0x00000007e0000000, 0x0000000800000000)
  region size 1024K, 11 young (11264K), 11 survivors (11264K)
 Metaspace       used 21187K, committed 21504K, reserved 393216K
  class space    used 3151K, committed 3328K, reserved 327680K
}
Event: 2.697 GC heap before
{Heap before GC invocations=4 (full 0):
 garbage-first heap   total 262144K, used 146176K [0x00000007e0000000, 0x0000000800000000)
  region size 1024K, 128 young (131072K), 11 survivors (11264K)
 Metaspace       used 35572K, committed 35968K, reserved 393216K
  class space    used 5031K, committed 5248K, reserved 327680K
}
Event: 2.706 GC heap after
{Heap after GC invocations=5 (full 0):
 garbage-first heap   total 262144K, used 32777K [0x00000007e0000000, 0x0000000800000000)
  region size 1024K, 16 young (16384K), 16 survivors (16384K)
 Metaspace       used 35572K, committed 35968K, reserved 393216K
  class space    used 5031K, committed 5248K, reserved 327680K
}
Event: 3.770 GC heap before
{Heap before GC invocations=6 (full 0):
 garbage-first heap   total 262144K, used 174089K [0x00000007e0000000, 0x0000000800000000)
  region size 1024K, 153 young (156672K), 16 survivors (16384K)
 Metaspace       used 48382K, committed 48896K, reserved 393216K
  class space    used 7015K, committed 7232K, reserved 327680K
}
Event: 3.781 GC heap after
{Heap after GC invocations=7 (full 0):
 garbage-first heap   total 262144K, used 40287K [0x00000007e0000000, 0x0000000800000000)
  region size 1024K, 17 young (17408K), 17 survivors (17408K)
 Metaspace       used 48382K, committed 48896K, reserved 393216K
  class space    used 7015K, committed 7232K, reserved 327680K
}
Event: 4.798 GC heap before
{Heap before GC invocations=7 (full 0):
 garbage-first heap   total 262144K, used 179551K [0x00000007e0000000, 0x0000000800000000)
  region size 1024K, 153 young (156672K), 17 survivors (17408K)
 Metaspace       used 53710K, committed 54336K, reserved 393216K
  class space    used 7668K, committed 7936K, reserved 327680K
}
Event: 4.805 GC heap after
{Heap after GC invocations=8 (full 0):
 garbage-first heap   total 262144K, used 48108K [0x00000007e0000000, 0x0000000800000000)
  region size 1024K, 16 young (16384K), 16 survivors (16384K)
 Metaspace       used 53710K, committed 54336K, reserved 393216K
  class space    used 7668K, committed 7936K, reserved 327680K
}

