# JRE version: OpenJDK Runtime Environment Corretto-17.0.7.7.1 (17.0.7+7) (build 17.0.7+7-LTS)
# Java VM: OpenJDK 64-Bit Server VM Corretto-17.0.7.7.1 (17.0.7+7-LTS, mixed mode, sharing, tiered, compressed oops, compressed class ptrs, g1 gc, bsd-amd64)
Heap:
 garbage-first heap   total 262144K, used 52961K [0x00000007e0000000, 0x0000000800000000)
  region size 1024K, 21 young (21504K), 16 survivors (16384K)
 Metaspace       used 54243K, committed 54784K, reserved 393216K
  class space    used 7750K, committed 8000K, reserved 327680K
GC Heap History (12 events):
Event: 0.335 GC heap before
{Heap before GC invocations=0 (full 0):
 garbage-first heap   total 264192K, used 27604K [0x00000007e0000000, 0x0000000800000000)
  region size 1024K, 23 young (23552K), 0 survivors (0K)
 Metaspace       used 2451K, committed 2624K, reserved 393216K
  class space    used 284K, committed 384K, reserved 327680K
}
Event: 0.337 GC heap after
{Heap after GC invocations=1 (full 0):
 garbage-first heap   total 264192K, used 11324K [0x00000007e0000000, 0x0000000800000000)
  region size 1024K, 3 young (3072K), 3 survivors (3072K)
 Metaspace       used 2451K, committed 2624K, reserved 393216K
  class space    used 284K, committed 384K, reserved 327680K
}
Event: 0.568 GC heap before
{Heap before GC invocations=1 (full 0):
 garbage-first heap   total 264192K, used 48188K [0x00000007e0000000, 0x0000000800000000)
  region size 1024K, 37 young (37888K), 3 survivors (3072K)
 Metaspace       used 4136K, committed 4352K, reserved 393216K
  class space    used 513K, committed 640K, reserved 327680K
}
Event: 0.571 GC heap after
{Heap after GC invocations=2 (full 0):
 garbage-first heap   total 264192K, used 16928K [0x00000007e0000000, 0x0000000800000000)
  region size 1024K, 5 young (5120K), 5 survivors (5120K)
 Metaspace       used 4136K, committed 4352K, reserved 393216K
  class space    used 513K, committed 640K, reserved 327680K
}
Event: 1.668 GC heap before
{Heap before GC invocations=2 (full 0):
 garbage-first heap   total 264192K, used 123424K [0x00000007e0000000, 0x0000000800000000)
  region size 1024K, 110 young (112640K), 5 survivors (5120K)
 Metaspace       used 21184K, committed 21504K, reserved 393216K
  class space    used 3150K, committed 3328K, reserved 327680K
}
Event: 1.674 GC heap after
{Heap after GC invocations=3 (full 0):
 garbage-first heap   total 264192K, used 23568K [0x00000007e0000000, 0x0000000800000000)
  region size 1024K, 11 young (11264K), 11 survivors (11264K)
 Metaspace       used 21184K, committed 21504K, reserved 393216K
  class space    used 3150K, committed 3328K, reserved 327680K
}
Event: 2.663 GC heap before
{Heap before GC invocations=4 (full 0):
 garbage-first heap   total 262144K, used 145424K [0x00000007e0000000, 0x0000000800000000)
  region size 1024K, 127 young (130048K), 11 survivors (11264K)
 Metaspace       used 35569K, committed 35968K, reserved 393216K
  class space    used 5031K, committed 5248K, reserved 327680K
}
Event: 2.673 GC heap after
{Heap after GC invocations=5 (full 0):
 garbage-first heap   total 262144K, used 32718K [0x00000007e0000000, 0x0000000800000000)
  region size 1024K, 16 young (16384K), 16 survivors (16384K)
 Metaspace       used 35569K, committed 35968K, reserved 393216K
  class space    used 5031K, committed 5248K, reserved 327680K
}
Event: 3.734 GC heap before
{Heap before GC invocations=6 (full 0):
 garbage-first heap   total 262144K, used 174030K [0x00000007e0000000, 0x0000000800000000)
  region size 1024K, 153 young (156672K), 16 survivors (16384K)
 Metaspace       used 48382K, committed 48896K, reserved 393216K
  class space    used 7013K, committed 7232K, reserved 327680K
}
Event: 3.744 GC heap after
{Heap after GC invocations=7 (full 0):
 garbage-first heap   total 262144K, used 40580K [0x00000007e0000000, 0x0000000800000000)
  region size 1024K, 18 young (18432K), 18 survivors (18432K)
 Metaspace       used 48382K, committed 48896K, reserved 393216K
  class space    used 7013K, committed 7232K, reserved 327680K
}
Event: 4.846 GC heap before
{Heap before GC invocations=7 (full 0):
 garbage-first heap   total 262144K, used 178820K [0x00000007e0000000, 0x0000000800000000)
  region size 1024K, 153 young (156672K), 18 survivors (18432K)
 Metaspace       used 53609K, committed 54144K, reserved 393216K
  class space    used 7645K, committed 7872K, reserved 327680K
}
Event: 4.856 GC heap after
{Heap after GC invocations=8 (full 0):
 garbage-first heap   total 262144K, used 48162K [0x00000007e0000000, 0x0000000800000000)
  region size 1024K, 16 young (16384K), 16 survivors (16384K)
 Metaspace       used 53609K, committed 54144K, reserved 393216K
  class space    used 7645K, committed 7872K, reserved 327680K
}

