# JRE version: OpenJDK Runtime Environment Corretto-17.0.7.7.1 (17.0.7+7) (build 17.0.7+7-LTS)
# Java VM: OpenJDK 64-Bit Server VM Corretto-17.0.7.7.1 (17.0.7+7-LTS, mixed mode, sharing, tiered, compressed oops, compressed class ptrs, g1 gc, bsd-amd64)
Heap:
 garbage-first heap   total 262144K, used 54512K [0x00000007e0000000, 0x0000000800000000)
  region size 1024K, 22 young (22528K), 16 survivors (16384K)
 Metaspace       used 54299K, committed 54848K, reserved 393216K
  class space    used 7748K, committed 8000K, reserved 327680K
GC Heap History (12 events):
Event: 0.397 GC heap before
{Heap before GC invocations=0 (full 0):
 garbage-first heap   total 264192K, used 27604K [0x00000007e0000000, 0x0000000800000000)
  region size 1024K, 23 young (23552K), 0 survivors (0K)
 Metaspace       used 2450K, committed 2624K, reserved 393216K
  class space    used 283K, committed 384K, reserved 327680K
}
Event: 0.399 GC heap after
{Heap after GC invocations=1 (full 0):
 garbage-first heap   total 264192K, used 11341K [0x00000007e0000000, 0x0000000800000000)
  region size 1024K, 3 young (3072K), 3 survivors (3072K)
 Metaspace       used 2450K, committed 2624K, reserved 393216K
  class space    used 283K, committed 384K, reserved 327680K
}
Event: 0.628 GC heap before
{Heap before GC invocations=1 (full 0):
 garbage-first heap   total 264192K, used 48205K [0x00000007e0000000, 0x0000000800000000)
  region size 1024K, 37 young (37888K), 3 survivors (3072K)
 Metaspace       used 4136K, committed 4352K, reserved 393216K
  class space    used 513K, committed 640K, reserved 327680K
}
Event: 0.631 GC heap after
{Heap after GC invocations=2 (full 0):
 garbage-first heap   total 264192K, used 17159K [0x00000007e0000000, 0x0000000800000000)
  region size 1024K, 5 young (5120K), 5 survivors (5120K)
 Metaspace       used 4136K, committed 4352K, reserved 393216K
  class space    used 513K, committed 640K, reserved 327680K
}
Event: 1.684 GC heap before
{Heap before GC invocations=2 (full 0):
 garbage-first heap   total 264192K, used 123655K [0x00000007e0000000, 0x0000000800000000)
  region size 1024K, 110 young (112640K), 5 survivors (5120K)
 Metaspace       used 21188K, committed 21504K, reserved 393216K
  class space    used 3150K, committed 3328K, reserved 327680K
}
Event: 1.690 GC heap after
{Heap after GC invocations=3 (full 0):
 garbage-first heap   total 264192K, used 23640K [0x00000007e0000000, 0x0000000800000000)
  region size 1024K, 11 young (11264K), 11 survivors (11264K)
 Metaspace       used 21188K, committed 21504K, reserved 393216K
  class space    used 3150K, committed 3328K, reserved 327680K
}
Event: 2.657 GC heap before
{Heap before GC invocations=4 (full 0):
 garbage-first heap   total 262144K, used 146520K [0x00000007e0000000, 0x0000000800000000)
  region size 1024K, 128 young (131072K), 11 survivors (11264K)
 Metaspace       used 35568K, committed 35968K, reserved 393216K
  class space    used 5031K, committed 5248K, reserved 327680K
}
Event: 2.667 GC heap after
{Heap after GC invocations=5 (full 0):
 garbage-first heap   total 262144K, used 33277K [0x00000007e0000000, 0x0000000800000000)
  region size 1024K, 16 young (16384K), 16 survivors (16384K)
 Metaspace       used 35568K, committed 35968K, reserved 393216K
  class space    used 5031K, committed 5248K, reserved 327680K
}
Event: 3.745 GC heap before
{Heap before GC invocations=6 (full 0):
 garbage-first heap   total 262144K, used 174589K [0x00000007e0000000, 0x0000000800000000)
  region size 1024K, 153 young (156672K), 16 survivors (16384K)
 Metaspace       used 48385K, committed 48896K, reserved 393216K
  class space    used 7011K, committed 7232K, reserved 327680K
}
Event: 3.756 GC heap after
{Heap after GC invocations=7 (full 0):
 garbage-first heap   total 262144K, used 40677K [0x00000007e0000000, 0x0000000800000000)
  region size 1024K, 17 young (17408K), 17 survivors (17408K)
 Metaspace       used 48385K, committed 48896K, reserved 393216K
  class space    used 7011K, committed 7232K, reserved 327680K
}
Event: 4.752 GC heap before
{Heap before GC invocations=7 (full 0):
 garbage-first heap   total 262144K, used 179941K [0x00000007e0000000, 0x0000000800000000)
  region size 1024K, 153 young (156672K), 17 survivors (17408K)
 Metaspace       used 54004K, committed 54592K, reserved 393216K
  class space    used 7703K, committed 7936K, reserved 327680K
}
Event: 4.761 GC heap after
{Heap after GC invocations=8 (full 0):
 garbage-first heap   total 262144K, used 48429K [0x00000007e0000000, 0x0000000800000000)
  region size 1024K, 16 young (16384K), 16 survivors (16384K)
 Metaspace       used 54004K, committed 54592K, reserved 393216K
  class space    used 7703K, committed 7936K, reserved 327680K
}

