# JRE version: OpenJDK Runtime Environment Corretto-17.0.7.7.1 (17.0.7+7) (build 17.0.7+7-LTS)
# Java VM: OpenJDK 64-Bit Server VM Corretto-17.0.7.7.1 (17.0.7+7-LTS, mixed mode, sharing, tiered, compressed oops, compressed class ptrs, g1 gc, bsd-amd64)
Heap:
 garbage-first heap   total 272384K, used 140231K [0x00000007e0000000, 0x0000000800000000)
  region size 1024K, 10 young (10240K), 2 survivors (2048K)
 Metaspace       used 86135K, committed 86912K, reserved 458752K
  class space    used 11554K, committed 11968K, reserved 327680K
GC Heap History (20 events):
Event: 31.151 GC heap before
{Heap before GC invocations=65 (full 0):
 garbage-first heap   total 272384K, used 201626K [0x00000007e0000000, 0x0000000800000000)
  region size 1024K, 82 young (83968K), 3 survivors (3072K)
 Metaspace       used 77526K, committed 78272K, reserved 458752K
  class space    used 10680K, committed 11008K, reserved 327680K
}
Event: 31.153 GC heap after
{Heap after GC invocations=66 (full 0):
 garbage-first heap   total 272384K, used 125446K [0x00000007e0000000, 0x0000000800000000)
  region size 1024K, 7 young (7168K), 7 survivors (7168K)
 Metaspace       used 77526K, committed 78272K, reserved 458752K
  class space    used 10680K, committed 11008K, reserved 327680K
}
Event: 33.215 GC heap before
{Heap before GC invocations=66 (full 0):
 garbage-first heap   total 272384K, used 207366K [0x00000007e0000000, 0x0000000800000000)
  region size 1024K, 87 young (89088K), 7 survivors (7168K)
 Metaspace       used 78117K, committed 78784K, reserved 458752K
  class space    used 10705K, committed 11008K, reserved 327680K
}
Event: 33.218 GC heap after
{Heap after GC invocations=67 (full 0):
 garbage-first heap   total 272384K, used 125987K [0x00000007e0000000, 0x0000000800000000)
  region size 1024K, 5 young (5120K), 5 survivors (5120K)
 Metaspace       used 78117K, committed 78784K, reserved 458752K
  class space    used 10705K, committed 11008K, reserved 327680K
}
Event: 39.121 GC heap before
{Heap before GC invocations=67 (full 0):
 garbage-first heap   total 272384K, used 210979K [0x00000007e0000000, 0x0000000800000000)
  region size 1024K, 89 young (91136K), 5 survivors (5120K)
 Metaspace       used 79050K, committed 79808K, reserved 458752K
  class space    used 10774K, committed 11136K, reserved 327680K
}
Event: 39.123 GC heap after
{Heap after GC invocations=68 (full 0):
 garbage-first heap   total 272384K, used 129167K [0x00000007e0000000, 0x0000000800000000)
  region size 1024K, 8 young (8192K), 8 survivors (8192K)
 Metaspace       used 79050K, committed 79808K, reserved 458752K
  class space    used 10774K, committed 11136K, reserved 327680K
}
Event: 39.822 GC heap before
{Heap before GC invocations=68 (full 0):
 garbage-first heap   total 272384K, used 215183K [0x00000007e0000000, 0x0000000800000000)
  region size 1024K, 93 young (95232K), 8 survivors (8192K)
 Metaspace       used 79492K, committed 80320K, reserved 458752K
  class space    used 10787K, committed 11200K, reserved 327680K
}
Event: 39.825 GC heap after
{Heap after GC invocations=69 (full 0):
 garbage-first heap   total 272384K, used 133101K [0x00000007e0000000, 0x0000000800000000)
  region size 1024K, 10 young (10240K), 10 survivors (10240K)
 Metaspace       used 79492K, committed 80320K, reserved 458752K
  class space    used 10787K, committed 11200K, reserved 327680K
}
Event: 52.917 GC heap before
{Heap before GC invocations=69 (full 0):
 garbage-first heap   total 272384K, used 218093K [0x00000007e0000000, 0x0000000800000000)
  region size 1024K, 94 young (96256K), 10 survivors (10240K)
 Metaspace       used 79750K, committed 80512K, reserved 458752K
  class space    used 10789K, committed 11200K, reserved 327680K
}
Event: 52.920 GC heap after
{Heap after GC invocations=70 (full 0):
 garbage-first heap   total 272384K, used 132354K [0x00000007e0000000, 0x0000000800000000)
  region size 1024K, 4 young (4096K), 4 survivors (4096K)
 Metaspace       used 79750K, committed 80512K, reserved 458752K
  class space    used 10789K, committed 11200K, reserved 327680K
}
Event: 56.929 GC heap before
{Heap before GC invocations=70 (full 0):
 garbage-first heap   total 272384K, used 224514K [0x00000007e0000000, 0x0000000800000000)
  region size 1024K, 92 young (94208K), 4 survivors (4096K)
 Metaspace       used 84692K, committed 85440K, reserved 458752K
  class space    used 11451K, committed 11840K, reserved 327680K
}
Event: 56.933 GC heap after
{Heap after GC invocations=71 (full 0):
 garbage-first heap   total 272384K, used 141936K [0x00000007e0000000, 0x0000000800000000)
  region size 1024K, 11 young (11264K), 11 survivors (11264K)
 Metaspace       used 84692K, committed 85440K, reserved 458752K
  class space    used 11451K, committed 11840K, reserved 327680K
}
Event: 986.923 GC heap before
{Heap before GC invocations=71 (full 0):
 garbage-first heap   total 272384K, used 222832K [0x00000007e0000000, 0x0000000800000000)
  region size 1024K, 90 young (92160K), 11 survivors (11264K)
 Metaspace       used 85141K, committed 85952K, reserved 458752K
  class space    used 11501K, committed 11904K, reserved 327680K
}
Event: 987.004 GC heap after
{Heap after GC invocations=72 (full 0):
 garbage-first heap   total 272384K, used 145447K [0x00000007e0000000, 0x0000000800000000)
  region size 1024K, 4 young (4096K), 4 survivors (4096K)
 Metaspace       used 85141K, committed 85952K, reserved 458752K
  class space    used 11501K, committed 11904K, reserved 327680K
}
Event: 987.475 GC heap before
{Heap before GC invocations=72 (full 0):
 garbage-first heap   total 272384K, used 224295K [0x00000007e0000000, 0x0000000800000000)
  region size 1024K, 82 young (83968K), 4 survivors (4096K)
 Metaspace       used 85686K, committed 86528K, reserved 458752K
  class space    used 11547K, committed 11968K, reserved 327680K
}
Event: 987.493 GC heap after
{Heap after GC invocations=73 (full 0):
 garbage-first heap   total 272384K, used 149356K [0x00000007e0000000, 0x0000000800000000)
  region size 1024K, 8 young (8192K), 8 survivors (8192K)
 Metaspace       used 85686K, committed 86528K, reserved 458752K
  class space    used 11547K, committed 11968K, reserved 327680K
}
Event: 988.134 GC heap before
{Heap before GC invocations=74 (full 0):
 garbage-first heap   total 272384K, used 227180K [0x00000007e0000000, 0x0000000800000000)
  region size 1024K, 84 young (86016K), 8 survivors (8192K)
 Metaspace       used 85646K, committed 86720K, reserved 458752K
  class space    used 11459K, committed 11968K, reserved 327680K
}
Event: 988.149 GC heap after
{Heap after GC invocations=75 (full 0):
 garbage-first heap   total 272384K, used 153910K [0x00000007e0000000, 0x0000000800000000)
  region size 1024K, 10 young (10240K), 10 survivors (10240K)
 Metaspace       used 85646K, committed 86720K, reserved 458752K
  class space    used 11459K, committed 11968K, reserved 327680K
}
Event: 988.160 GC heap before
{Heap before GC invocations=75 (full 0):
 garbage-first heap   total 272384K, used 156982K [0x00000007e0000000, 0x0000000800000000)
  region size 1024K, 13 young (13312K), 10 survivors (10240K)
 Metaspace       used 85678K, committed 86720K, reserved 458752K
  class space    used 11464K, committed 11968K, reserved 327680K
}
Event: 988.191 GC heap after
{Heap after GC invocations=76 (full 0):
 garbage-first heap   total 272384K, used 132208K [0x00000007e0000000, 0x0000000800000000)
  region size 1024K, 2 young (2048K), 2 survivors (2048K)
 Metaspace       used 85678K, committed 86720K, reserved 458752K
  class space    used 11464K, committed 11968K, reserved 327680K
}

