# JRE version: OpenJDK Runtime Environment Corretto-17.0.7.7.1 (17.0.7+7) (build 17.0.7+7-LTS)
# Java VM: OpenJDK 64-Bit Server VM Corretto-17.0.7.7.1 (17.0.7+7-LTS, mixed mode, sharing, tiered, compressed oops, compressed class ptrs, g1 gc, bsd-amd64)
Heap:
 garbage-first heap   total 262144K, used 52405K [0x00000007e0000000, 0x0000000800000000)
  region size 1024K, 20 young (20480K), 16 survivors (16384K)
 Metaspace       used 54230K, committed 54784K, reserved 393216K
  class space    used 7747K, committed 8000K, reserved 327680K
GC Heap History (12 events):
Event: 0.404 GC heap before
{Heap before GC invocations=0 (full 0):
 garbage-first heap   total 264192K, used 27604K [0x00000007e0000000, 0x0000000800000000)
  region size 1024K, 23 young (23552K), 0 survivors (0K)
 Metaspace       used 2670K, committed 2752K, reserved 393216K
  class space    used 323K, committed 384K, reserved 327680K
}
Event: 0.406 GC heap after
{Heap after GC invocations=1 (full 0):
 garbage-first heap   total 264192K, used 11614K [0x00000007e0000000, 0x0000000800000000)
  region size 1024K, 3 young (3072K), 3 survivors (3072K)
 Metaspace       used 2670K, committed 2752K, reserved 393216K
  class space    used 323K, committed 384K, reserved 327680K
}
Event: 0.633 GC heap before
{Heap before GC invocations=1 (full 0):
 garbage-first heap   total 264192K, used 47454K [0x00000007e0000000, 0x0000000800000000)
  region size 1024K, 36 young (36864K), 3 survivors (3072K)
 Metaspace       used 4137K, committed 4352K, reserved 393216K
  class space    used 513K, committed 640K, reserved 327680K
}
Event: 0.636 GC heap after
{Heap after GC invocations=2 (full 0):
 garbage-first heap   total 264192K, used 17275K [0x00000007e0000000, 0x0000000800000000)
  region size 1024K, 5 young (5120K), 5 survivors (5120K)
 Metaspace       used 4137K, committed 4352K, reserved 393216K
  class space    used 513K, committed 640K, reserved 327680K
}
Event: 1.746 GC heap before
{Heap before GC invocations=2 (full 0):
 garbage-first heap   total 264192K, used 124795K [0x00000007e0000000, 0x0000000800000000)
  region size 1024K, 111 young (113664K), 5 survivors (5120K)
 Metaspace       used 21178K, committed 21504K, reserved 393216K
  class space    used 3150K, committed 3328K, reserved 327680K
}
Event: 1.752 GC heap after
{Heap after GC invocations=3 (full 0):
 garbage-first heap   total 264192K, used 23700K [0x00000007e0000000, 0x0000000800000000)
  region size 1024K, 11 young (11264K), 11 survivors (11264K)
 Metaspace       used 21178K, committed 21504K, reserved 393216K
  class space    used 3150K, committed 3328K, reserved 327680K
}
Event: 2.779 GC heap before
{Heap before GC invocations=4 (full 0):
 garbage-first heap   total 262144K, used 147604K [0x00000007e0000000, 0x0000000800000000)
  region size 1024K, 129 young (132096K), 11 survivors (11264K)
 Metaspace       used 35619K, committed 35968K, reserved 393216K
  class space    used 5041K, committed 5248K, reserved 327680K
}
Event: 2.789 GC heap after
{Heap after GC invocations=5 (full 0):
 garbage-first heap   total 262144K, used 32858K [0x00000007e0000000, 0x0000000800000000)
  region size 1024K, 16 young (16384K), 16 survivors (16384K)
 Metaspace       used 35619K, committed 35968K, reserved 393216K
  class space    used 5041K, committed 5248K, reserved 327680K
}
Event: 3.934 GC heap before
{Heap before GC invocations=6 (full 0):
 garbage-first heap   total 262144K, used 175194K [0x00000007e0000000, 0x0000000800000000)
  region size 1024K, 153 young (156672K), 16 survivors (16384K)
 Metaspace       used 48380K, committed 48896K, reserved 393216K
  class space    used 7011K, committed 7232K, reserved 327680K
}
Event: 3.944 GC heap after
{Heap after GC invocations=7 (full 0):
 garbage-first heap   total 262144K, used 40574K [0x00000007e0000000, 0x0000000800000000)
  region size 1024K, 17 young (17408K), 17 survivors (17408K)
 Metaspace       used 48380K, committed 48896K, reserved 393216K
  class space    used 7011K, committed 7232K, reserved 327680K
}
Event: 5.071 GC heap before
{Heap before GC invocations=7 (full 0):
 garbage-first heap   total 262144K, used 179838K [0x00000007e0000000, 0x0000000800000000)
  region size 1024K, 153 young (156672K), 17 survivors (17408K)
 Metaspace       used 53704K, committed 54336K, reserved 393216K
  class space    used 7664K, committed 7936K, reserved 327680K
}
Event: 5.080 GC heap after
{Heap after GC invocations=8 (full 0):
 garbage-first heap   total 262144K, used 48643K [0x00000007e0000000, 0x0000000800000000)
  region size 1024K, 16 young (16384K), 16 survivors (16384K)
 Metaspace       used 53704K, committed 54336K, reserved 393216K
  class space    used 7664K, committed 7936K, reserved 327680K
}

