# JRE version: OpenJDK Runtime Environment Corretto-17.0.7.7.1 (17.0.7+7) (build 17.0.7+7-LTS)
# Java VM: OpenJDK 64-Bit Server VM Corretto-17.0.7.7.1 (17.0.7+7-LTS, mixed mode, sharing, tiered, compressed oops, compressed class ptrs, g1 gc, bsd-amd64)
Heap:
 garbage-first heap   total 262144K, used 163479K [0x00000007e0000000, 0x0000000800000000)
  region size 1024K, 54 young (55296K), 14 survivors (14336K)
 Metaspace       used 73311K, committed 74112K, reserved 393216K
  class space    used 10347K, committed 10688K, reserved 327680K
GC Heap History (20 events):
Event: 0.804 GC heap before
{Heap before GC invocations=1 (full 0):
 garbage-first heap   total 264192K, used 47002K [0x00000007e0000000, 0x0000000800000000)
  region size 1024K, 36 young (36864K), 3 survivors (3072K)
 Metaspace       used 4116K, committed 4352K, reserved 393216K
  class space    used 513K, committed 640K, reserved 327680K
}
Event: 0.808 GC heap after
{Heap after GC invocations=2 (full 0):
 garbage-first heap   total 264192K, used 16797K [0x00000007e0000000, 0x0000000800000000)
  region size 1024K, 5 young (5120K), 5 survivors (5120K)
 Metaspace       used 4116K, committed 4352K, reserved 393216K
  class space    used 513K, committed 640K, reserved 327680K
}
Event: 2.241 GC heap before
{Heap before GC invocations=2 (full 0):
 garbage-first heap   total 264192K, used 123293K [0x00000007e0000000, 0x0000000800000000)
  region size 1024K, 110 young (112640K), 5 survivors (5120K)
 Metaspace       used 21139K, committed 21504K, reserved 393216K
  class space    used 3178K, committed 3392K, reserved 327680K
}
Event: 2.249 GC heap after
{Heap after GC invocations=3 (full 0):
 garbage-first heap   total 264192K, used 23373K [0x00000007e0000000, 0x0000000800000000)
  region size 1024K, 11 young (11264K), 11 survivors (11264K)
 Metaspace       used 21139K, committed 21504K, reserved 393216K
  class space    used 3178K, committed 3392K, reserved 327680K
}
Event: 3.513 GC heap before
{Heap before GC invocations=4 (full 0):
 garbage-first heap   total 262144K, used 163661K [0x00000007e0000000, 0x0000000800000000)
  region size 1024K, 134 young (137216K), 11 survivors (11264K)
 Metaspace       used 35696K, committed 36096K, reserved 393216K
  class space    used 5055K, committed 5248K, reserved 327680K
}
Event: 3.525 GC heap after
{Heap after GC invocations=5 (full 0):
 garbage-first heap   total 262144K, used 45779K [0x00000007e0000000, 0x0000000800000000)
  region size 1024K, 18 young (18432K), 18 survivors (18432K)
 Metaspace       used 35696K, committed 36096K, reserved 393216K
  class space    used 5055K, committed 5248K, reserved 327680K
}
Event: 4.874 GC heap before
{Heap before GC invocations=6 (full 0):
 garbage-first heap   total 262144K, used 196307K [0x00000007e0000000, 0x0000000800000000)
  region size 1024K, 151 young (154624K), 18 survivors (18432K)
 Metaspace       used 48265K, committed 48832K, reserved 393216K
  class space    used 7057K, committed 7296K, reserved 327680K
}
Event: 4.886 GC heap after
{Heap after GC invocations=7 (full 0):
 garbage-first heap   total 262144K, used 68366K [0x00000007e0000000, 0x0000000800000000)
  region size 1024K, 11 young (11264K), 11 survivors (11264K)
 Metaspace       used 48265K, committed 48832K, reserved 393216K
  class space    used 7057K, committed 7296K, reserved 327680K
}
Event: 5.972 GC heap before
{Heap before GC invocations=7 (full 0):
 garbage-first heap   total 262144K, used 194318K [0x00000007e0000000, 0x0000000800000000)
  region size 1024K, 134 young (137216K), 11 survivors (11264K)
 Metaspace       used 56682K, committed 57344K, reserved 393216K
  class space    used 8248K, committed 8576K, reserved 327680K
}
Event: 5.978 GC heap after
{Heap after GC invocations=8 (full 0):
 garbage-first heap   total 262144K, used 77869K [0x00000007e0000000, 0x0000000800000000)
  region size 1024K, 9 young (9216K), 9 survivors (9216K)
 Metaspace       used 56682K, committed 57344K, reserved 393216K
  class space    used 8248K, committed 8576K, reserved 327680K
}
Event: 6.359 GC heap before
{Heap before GC invocations=8 (full 0):
 garbage-first heap   total 262144K, used 134189K [0x00000007e0000000, 0x0000000800000000)
  region size 1024K, 54 young (55296K), 9 survivors (9216K)
 Metaspace       used 59742K, committed 60416K, reserved 393216K
  class space    used 8747K, committed 9088K, reserved 327680K
}
Event: 6.364 GC heap after
{Heap after GC invocations=9 (full 0):
 garbage-first heap   total 262144K, used 94392K [0x00000007e0000000, 0x0000000800000000)
  region size 1024K, 14 young (14336K), 14 survivors (14336K)
 Metaspace       used 59742K, committed 60416K, reserved 393216K
  class space    used 8747K, committed 9088K, reserved 327680K
}
Event: 7.703 GC heap before
{Heap before GC invocations=10 (full 0):
 garbage-first heap   total 262144K, used 207032K [0x00000007e0000000, 0x0000000800000000)
  region size 1024K, 124 young (126976K), 14 survivors (14336K)
 Metaspace       used 65084K, committed 65792K, reserved 393216K
  class space    used 9428K, committed 9728K, reserved 327680K
}
Event: 7.711 GC heap after
{Heap after GC invocations=11 (full 0):
 garbage-first heap   total 262144K, used 101369K [0x00000007e0000000, 0x0000000800000000)
  region size 1024K, 13 young (13312K), 13 survivors (13312K)
 Metaspace       used 65084K, committed 65792K, reserved 393216K
  class space    used 9428K, committed 9728K, reserved 327680K
}
Event: 8.650 GC heap before
{Heap before GC invocations=11 (full 0):
 garbage-first heap   total 262144K, used 207865K [0x00000007e0000000, 0x0000000800000000)
  region size 1024K, 117 young (119808K), 13 survivors (13312K)
 Metaspace       used 66605K, committed 67328K, reserved 393216K
  class space    used 9522K, committed 9856K, reserved 327680K
}
Event: 8.657 GC heap after
{Heap after GC invocations=12 (full 0):
 garbage-first heap   total 262144K, used 108027K [0x00000007e0000000, 0x0000000800000000)
  region size 1024K, 14 young (14336K), 14 survivors (14336K)
 Metaspace       used 66605K, committed 67328K, reserved 393216K
  class space    used 9522K, committed 9856K, reserved 327680K
}
Event: 101.227 GC heap before
{Heap before GC invocations=12 (full 0):
 garbage-first heap   total 262144K, used 211451K [0x00000007e0000000, 0x0000000800000000)
  region size 1024K, 113 young (115712K), 14 survivors (14336K)
 Metaspace       used 71921K, committed 72640K, reserved 393216K
  class space    used 10219K, committed 10560K, reserved 327680K
}
Event: 101.361 GC heap after
{Heap after GC invocations=13 (full 0):
 garbage-first heap   total 262144K, used 115853K [0x00000007e0000000, 0x0000000800000000)
  region size 1024K, 12 young (12288K), 12 survivors (12288K)
 Metaspace       used 71921K, committed 72640K, reserved 393216K
  class space    used 10219K, committed 10560K, reserved 327680K
}
Event: 888.345 GC heap before
{Heap before GC invocations=13 (full 0):
 garbage-first heap   total 262144K, used 210061K [0x00000007e0000000, 0x0000000800000000)
  region size 1024K, 105 young (107520K), 12 survivors (12288K)
 Metaspace       used 72787K, committed 73600K, reserved 393216K
  class space    used 10273K, committed 10624K, reserved 327680K
}
Event: 888.353 GC heap after
{Heap after GC invocations=14 (full 0):
 garbage-first heap   total 262144K, used 122972K [0x00000007e0000000, 0x0000000800000000)
  region size 1024K, 14 young (14336K), 14 survivors (14336K)
 Metaspace       used 72787K, committed 73600K, reserved 393216K
  class space    used 10273K, committed 10624K, reserved 327680K
}

