# JRE version: OpenJDK Runtime Environment Corretto-17.0.7.7.1 (17.0.7+7) (build 17.0.7+7-LTS)
# Java VM: OpenJDK 64-Bit Server VM Corretto-17.0.7.7.1 (17.0.7+7-LTS, mixed mode, sharing, tiered, compressed oops, compressed class ptrs, g1 gc, bsd-amd64)
Heap:
 garbage-first heap   total 262144K, used 83701K [0x00000007e0000000, 0x0000000800000000)
  region size 1024K, 52 young (53248K), 20 survivors (20480K)
 Metaspace       used 54392K, committed 54912K, reserved 393216K
  class space    used 7716K, committed 7936K, reserved 327680K
GC Heap History (12 events):
Event: 0.414 GC heap before
{Heap before GC invocations=0 (full 0):
 garbage-first heap   total 264192K, used 27604K [0x00000007e0000000, 0x0000000800000000)
  region size 1024K, 23 young (23552K), 0 survivors (0K)
 Metaspace       used 2668K, committed 2752K, reserved 393216K
  class space    used 323K, committed 384K, reserved 327680K
}
Event: 0.417 GC heap after
{Heap after GC invocations=1 (full 0):
 garbage-first heap   total 264192K, used 11710K [0x00000007e0000000, 0x0000000800000000)
  region size 1024K, 3 young (3072K), 3 survivors (3072K)
 Metaspace       used 2668K, committed 2752K, reserved 393216K
  class space    used 323K, committed 384K, reserved 327680K
}
Event: 0.658 GC heap before
{Heap before GC invocations=1 (full 0):
 garbage-first heap   total 264192K, used 47550K [0x00000007e0000000, 0x0000000800000000)
  region size 1024K, 36 young (36864K), 3 survivors (3072K)
 Metaspace       used 4134K, committed 4352K, reserved 393216K
  class space    used 513K, committed 640K, reserved 327680K
}
Event: 0.660 GC heap after
{Heap after GC invocations=2 (full 0):
 garbage-first heap   total 264192K, used 16968K [0x00000007e0000000, 0x0000000800000000)
  region size 1024K, 5 young (5120K), 5 survivors (5120K)
 Metaspace       used 4134K, committed 4352K, reserved 393216K
  class space    used 513K, committed 640K, reserved 327680K
}
Event: 2.055 GC heap before
{Heap before GC invocations=2 (full 0):
 garbage-first heap   total 264192K, used 125512K [0x00000007e0000000, 0x0000000800000000)
  region size 1024K, 112 young (114688K), 5 survivors (5120K)
 Metaspace       used 21192K, committed 21504K, reserved 393216K
  class space    used 3152K, committed 3328K, reserved 327680K
}
Event: 2.063 GC heap after
{Heap after GC invocations=3 (full 0):
 garbage-first heap   total 264192K, used 23628K [0x00000007e0000000, 0x0000000800000000)
  region size 1024K, 11 young (11264K), 11 survivors (11264K)
 Metaspace       used 21192K, committed 21504K, reserved 393216K
  class space    used 3152K, committed 3328K, reserved 327680K
}
Event: 3.130 GC heap before
{Heap before GC invocations=4 (full 0):
 garbage-first heap   total 262144K, used 147532K [0x00000007e0000000, 0x0000000800000000)
  region size 1024K, 129 young (132096K), 11 survivors (11264K)
 Metaspace       used 35571K, committed 35968K, reserved 393216K
  class space    used 5031K, committed 5248K, reserved 327680K
}
Event: 3.139 GC heap after
{Heap after GC invocations=5 (full 0):
 garbage-first heap   total 262144K, used 32745K [0x00000007e0000000, 0x0000000800000000)
  region size 1024K, 16 young (16384K), 16 survivors (16384K)
 Metaspace       used 35571K, committed 35968K, reserved 393216K
  class space    used 5031K, committed 5248K, reserved 327680K
}
Event: 4.415 GC heap before
{Heap before GC invocations=6 (full 0):
 garbage-first heap   total 262144K, used 174057K [0x00000007e0000000, 0x0000000800000000)
  region size 1024K, 153 young (156672K), 16 survivors (16384K)
 Metaspace       used 48313K, committed 48768K, reserved 393216K
  class space    used 6983K, committed 7168K, reserved 327680K
}
Event: 4.425 GC heap after
{Heap after GC invocations=7 (full 0):
 garbage-first heap   total 262144K, used 40979K [0x00000007e0000000, 0x0000000800000000)
  region size 1024K, 18 young (18432K), 18 survivors (18432K)
 Metaspace       used 48313K, committed 48768K, reserved 393216K
  class space    used 6983K, committed 7168K, reserved 327680K
}
Event: 5.539 GC heap before
{Heap before GC invocations=7 (full 0):
 garbage-first heap   total 262144K, used 179219K [0x00000007e0000000, 0x0000000800000000)
  region size 1024K, 153 young (156672K), 18 survivors (18432K)
 Metaspace       used 52958K, committed 53504K, reserved 393216K
  class space    used 7489K, committed 7744K, reserved 327680K
}
Event: 5.550 GC heap after
{Heap after GC invocations=8 (full 0):
 garbage-first heap   total 262144K, used 51821K [0x00000007e0000000, 0x0000000800000000)
  region size 1024K, 20 young (20480K), 20 survivors (20480K)
 Metaspace       used 52958K, committed 53504K, reserved 393216K
  class space    used 7489K, committed 7744K, reserved 327680K
}

