# JRE version: OpenJDK Runtime Environment Corretto-17.0.7.7.1 (17.0.7+7) (build 17.0.7+7-LTS)
# Java VM: OpenJDK 64-Bit Server VM Corretto-17.0.7.7.1 (17.0.7+7-LTS, mixed mode, sharing, tiered, compressed oops, compressed class ptrs, g1 gc, bsd-amd64)
Heap:
 garbage-first heap   total 262144K, used 169747K [0x00000007e0000000, 0x0000000800000000)
  region size 1024K, 55 young (56320K), 13 survivors (13312K)
 Metaspace       used 82986K, committed 83776K, reserved 458752K
  class space    used 11407K, committed 11776K, reserved 327680K
GC Heap History (20 events):
Event: 1.884 GC heap before
{Heap before GC invocations=2 (full 0):
 garbage-first heap   total 264192K, used 129744K [0x00000007e0000000, 0x0000000800000000)
  region size 1024K, 115 young (117760K), 2 survivors (2048K)
 Metaspace       used 21179K, committed 21504K, reserved 393216K
  class space    used 3173K, committed 3328K, reserved 327680K
}
Event: 1.893 GC heap after
{Heap after GC invocations=3 (full 0):
 garbage-first heap   total 264192K, used 23868K [0x00000007e0000000, 0x0000000800000000)
  region size 1024K, 12 young (12288K), 12 survivors (12288K)
 Metaspace       used 21179K, committed 21504K, reserved 393216K
  class space    used 3173K, committed 3328K, reserved 327680K
}
Event: 3.262 GC heap before
{Heap before GC invocations=4 (full 0):
 garbage-first heap   total 262144K, used 163132K [0x00000007e0000000, 0x0000000800000000)
  region size 1024K, 134 young (137216K), 12 survivors (12288K)
 Metaspace       used 35689K, committed 36096K, reserved 393216K
  class space    used 5050K, committed 5248K, reserved 327680K
}
Event: 3.275 GC heap after
{Heap after GC invocations=5 (full 0):
 garbage-first heap   total 262144K, used 46045K [0x00000007e0000000, 0x0000000800000000)
  region size 1024K, 20 young (20480K), 20 survivors (20480K)
 Metaspace       used 35689K, committed 36096K, reserved 393216K
  class space    used 5050K, committed 5248K, reserved 327680K
}
Event: 4.657 GC heap before
{Heap before GC invocations=6 (full 0):
 garbage-first heap   total 262144K, used 196573K [0x00000007e0000000, 0x0000000800000000)
  region size 1024K, 153 young (156672K), 20 survivors (20480K)
 Metaspace       used 49473K, committed 50048K, reserved 393216K
  class space    used 7085K, committed 7360K, reserved 327680K
}
Event: 4.671 GC heap after
{Heap after GC invocations=7 (full 0):
 garbage-first heap   total 262144K, used 69390K [0x00000007e0000000, 0x0000000800000000)
  region size 1024K, 20 young (20480K), 20 survivors (20480K)
 Metaspace       used 49473K, committed 50048K, reserved 393216K
  class space    used 7085K, committed 7360K, reserved 327680K
}
Event: 5.698 GC heap before
{Heap before GC invocations=7 (full 0):
 garbage-first heap   total 262144K, used 193294K [0x00000007e0000000, 0x0000000800000000)
  region size 1024K, 141 young (144384K), 20 survivors (20480K)
 Metaspace       used 56968K, committed 57664K, reserved 393216K
  class space    used 8250K, committed 8576K, reserved 327680K
}
Event: 5.707 GC heap after
{Heap after GC invocations=8 (full 0):
 garbage-first heap   total 262144K, used 78159K [0x00000007e0000000, 0x0000000800000000)
  region size 1024K, 9 young (9216K), 9 survivors (9216K)
 Metaspace       used 56968K, committed 57664K, reserved 393216K
  class space    used 8250K, committed 8576K, reserved 327680K
}
Event: 6.083 GC heap before
{Heap before GC invocations=8 (full 0):
 garbage-first heap   total 262144K, used 123215K [0x00000007e0000000, 0x0000000800000000)
  region size 1024K, 44 young (45056K), 9 survivors (9216K)
 Metaspace       used 59608K, committed 60288K, reserved 393216K
  class space    used 8669K, committed 8960K, reserved 327680K
}
Event: 6.087 GC heap after
{Heap after GC invocations=9 (full 0):
 garbage-first heap   total 262144K, used 93109K [0x00000007e0000000, 0x0000000800000000)
  region size 1024K, 13 young (13312K), 13 survivors (13312K)
 Metaspace       used 59608K, committed 60288K, reserved 393216K
  class space    used 8669K, committed 8960K, reserved 327680K
}
Event: 7.314 GC heap before
{Heap before GC invocations=10 (full 0):
 garbage-first heap   total 262144K, used 205749K [0x00000007e0000000, 0x0000000800000000)
  region size 1024K, 123 young (125952K), 13 survivors (13312K)
 Metaspace       used 67427K, committed 68096K, reserved 393216K
  class space    used 9675K, committed 9984K, reserved 327680K
}
Event: 7.320 GC heap after
{Heap after GC invocations=11 (full 0):
 garbage-first heap   total 262144K, used 99950K [0x00000007e0000000, 0x0000000800000000)
  region size 1024K, 12 young (12288K), 12 survivors (12288K)
 Metaspace       used 67427K, committed 68096K, reserved 393216K
  class space    used 9675K, committed 9984K, reserved 327680K
}
Event: 9.233 GC heap before
{Heap before GC invocations=11 (full 0):
 garbage-first heap   total 262144K, used 208494K [0x00000007e0000000, 0x0000000800000000)
  region size 1024K, 119 young (121856K), 12 survivors (12288K)
 Metaspace       used 74820K, committed 75520K, reserved 393216K
  class space    used 10468K, committed 10752K, reserved 327680K
}
Event: 9.239 GC heap after
{Heap after GC invocations=12 (full 0):
 garbage-first heap   total 262144K, used 106047K [0x00000007e0000000, 0x0000000800000000)
  region size 1024K, 13 young (13312K), 13 survivors (13312K)
 Metaspace       used 74820K, committed 75520K, reserved 393216K
  class space    used 10468K, committed 10752K, reserved 327680K
}
Event: 13.778 GC heap before
{Heap before GC invocations=12 (full 0):
 garbage-first heap   total 262144K, used 211519K [0x00000007e0000000, 0x0000000800000000)
  region size 1024K, 116 young (118784K), 13 survivors (13312K)
 Metaspace       used 76422K, committed 77120K, reserved 458752K
  class space    used 10569K, committed 10880K, reserved 327680K
}
Event: 13.784 GC heap after
{Heap after GC invocations=13 (full 0):
 garbage-first heap   total 262144K, used 111147K [0x00000007e0000000, 0x0000000800000000)
  region size 1024K, 11 young (11264K), 11 survivors (11264K)
 Metaspace       used 76422K, committed 77120K, reserved 458752K
  class space    used 10569K, committed 10880K, reserved 327680K
}
Event: 14.261 GC heap before
{Heap before GC invocations=13 (full 0):
 garbage-first heap   total 262144K, used 214571K [0x00000007e0000000, 0x0000000800000000)
  region size 1024K, 110 young (112640K), 11 survivors (11264K)
 Metaspace       used 80480K, committed 81216K, reserved 458752K
  class space    used 11071K, committed 11392K, reserved 327680K
}
Event: 14.266 GC heap after
{Heap after GC invocations=14 (full 0):
 garbage-first heap   total 262144K, used 119190K [0x00000007e0000000, 0x0000000800000000)
  region size 1024K, 11 young (11264K), 11 survivors (11264K)
 Metaspace       used 80480K, committed 81216K, reserved 458752K
  class space    used 11071K, committed 11392K, reserved 327680K
}
Event: 42.912 GC heap before
{Heap before GC invocations=14 (full 0):
 garbage-first heap   total 262144K, used 213398K [0x00000007e0000000, 0x0000000800000000)
  region size 1024K, 104 young (106496K), 11 survivors (11264K)
 Metaspace       used 82487K, committed 83264K, reserved 458752K
  class space    used 11335K, committed 11712K, reserved 327680K
}
Event: 42.920 GC heap after
{Heap after GC invocations=15 (full 0):
 garbage-first heap   total 262144K, used 127286K [0x00000007e0000000, 0x0000000800000000)
  region size 1024K, 13 young (13312K), 13 survivors (13312K)
 Metaspace       used 82487K, committed 83264K, reserved 458752K
  class space    used 11335K, committed 11712K, reserved 327680K
}

