# JRE version: OpenJDK Runtime Environment Corretto-17.0.7.7.1 (17.0.7+7) (build 17.0.7+7-LTS)
# Java VM: OpenJDK 64-Bit Server VM Corretto-17.0.7.7.1 (17.0.7+7-LTS, mixed mode, sharing, tiered, compressed oops, compressed class ptrs, g1 gc, bsd-amd64)
Heap:
 garbage-first heap   total 262144K, used 68457K [0x00000007e0000000, 0x0000000800000000)
  region size 1024K, 37 young (37888K), 20 survivors (20480K)
 Metaspace       used 54200K, committed 54720K, reserved 393216K
  class space    used 7743K, committed 8000K, reserved 327680K
GC Heap History (16 events):
Event: 0.355 GC heap before
{Heap before GC invocations=0 (full 0):
 garbage-first heap   total 264192K, used 27604K [0x00000007e0000000, 0x0000000800000000)
  region size 1024K, 23 young (23552K), 0 survivors (0K)
 Metaspace       used 2435K, committed 2624K, reserved 393216K
  class space    used 282K, committed 384K, reserved 327680K
}
Event: 0.358 GC heap after
{Heap after GC invocations=1 (full 0):
 garbage-first heap   total 264192K, used 11489K [0x00000007e0000000, 0x0000000800000000)
  region size 1024K, 3 young (3072K), 3 survivors (3072K)
 Metaspace       used 2435K, committed 2624K, reserved 393216K
  class space    used 282K, committed 384K, reserved 327680K
}
Event: 0.615 GC heap before
{Heap before GC invocations=1 (full 0):
 garbage-first heap   total 264192K, used 48353K [0x00000007e0000000, 0x0000000800000000)
  region size 1024K, 37 young (37888K), 3 survivors (3072K)
 Metaspace       used 4116K, committed 4352K, reserved 393216K
  class space    used 513K, committed 640K, reserved 327680K
}
Event: 0.618 GC heap after
{Heap after GC invocations=2 (full 0):
 garbage-first heap   total 264192K, used 16917K [0x00000007e0000000, 0x0000000800000000)
  region size 1024K, 5 young (5120K), 5 survivors (5120K)
 Metaspace       used 4116K, committed 4352K, reserved 393216K
  class space    used 513K, committed 640K, reserved 327680K
}
Event: 1.906 GC heap before
{Heap before GC invocations=2 (full 0):
 garbage-first heap   total 264192K, used 124437K [0x00000007e0000000, 0x0000000800000000)
  region size 1024K, 111 young (113664K), 5 survivors (5120K)
 Metaspace       used 21245K, committed 21504K, reserved 393216K
  class space    used 3170K, committed 3328K, reserved 327680K
}
Event: 1.913 GC heap after
{Heap after GC invocations=3 (full 0):
 garbage-first heap   total 264192K, used 23357K [0x00000007e0000000, 0x0000000800000000)
  region size 1024K, 11 young (11264K), 11 survivors (11264K)
 Metaspace       used 21245K, committed 21504K, reserved 393216K
  class space    used 3170K, committed 3328K, reserved 327680K
}
Event: 2.974 GC heap before
{Heap before GC invocations=4 (full 0):
 garbage-first heap   total 262144K, used 146237K [0x00000007e0000000, 0x0000000800000000)
  region size 1024K, 128 young (131072K), 11 survivors (11264K)
 Metaspace       used 35559K, committed 35968K, reserved 393216K
  class space    used 5045K, committed 5248K, reserved 327680K
}
Event: 2.985 GC heap after
{Heap after GC invocations=5 (full 0):
 garbage-first heap   total 262144K, used 32731K [0x00000007e0000000, 0x0000000800000000)
  region size 1024K, 16 young (16384K), 16 survivors (16384K)
 Metaspace       used 35559K, committed 35968K, reserved 393216K
  class space    used 5045K, committed 5248K, reserved 327680K
}
Event: 2.996 GC heap before
{Heap before GC invocations=5 (full 0):
 garbage-first heap   total 262144K, used 33755K [0x00000007e0000000, 0x0000000800000000)
  region size 1024K, 17 young (17408K), 16 survivors (16384K)
 Metaspace       used 35670K, committed 36096K, reserved 393216K
  class space    used 5067K, committed 5248K, reserved 327680K
}
Event: 3.003 GC heap after
{Heap after GC invocations=6 (full 0):
 garbage-first heap   total 262144K, used 33832K [0x00000007e0000000, 0x0000000800000000)
  region size 1024K, 3 young (3072K), 3 survivors (3072K)
 Metaspace       used 35670K, committed 36096K, reserved 393216K
  class space    used 5067K, committed 5248K, reserved 327680K
}
Event: 3.021 GC heap before
{Heap before GC invocations=6 (full 0):
 garbage-first heap   total 262144K, used 35880K [0x00000007e0000000, 0x0000000800000000)
  region size 1024K, 6 young (6144K), 3 survivors (3072K)
 Metaspace       used 35883K, committed 36288K, reserved 393216K
  class space    used 5097K, committed 5312K, reserved 327680K
}
Event: 3.021 GC heap after
{Heap after GC invocations=7 (full 0):
 garbage-first heap   total 262144K, used 32229K [0x00000007e0000000, 0x0000000800000000)
  region size 1024K, 1 young (1024K), 1 survivors (1024K)
 Metaspace       used 35883K, committed 36288K, reserved 393216K
  class space    used 5097K, committed 5312K, reserved 327680K
}
Event: 4.309 GC heap before
{Heap before GC invocations=8 (full 0):
 garbage-first heap   total 262144K, used 188901K [0x00000007e0000000, 0x0000000800000000)
  region size 1024K, 153 young (156672K), 1 survivors (1024K)
 Metaspace       used 48228K, committed 48704K, reserved 393216K
  class space    used 7006K, committed 7232K, reserved 327680K
}
Event: 4.320 GC heap after
{Heap after GC invocations=9 (full 0):
 garbage-first heap   total 262144K, used 40278K [0x00000007e0000000, 0x0000000800000000)
  region size 1024K, 9 young (9216K), 9 survivors (9216K)
 Metaspace       used 48228K, committed 48704K, reserved 393216K
  class space    used 7006K, committed 7232K, reserved 327680K
}
Event: 6.128 GC heap before
{Heap before GC invocations=9 (full 0):
 garbage-first heap   total 262144K, used 187734K [0x00000007e0000000, 0x0000000800000000)
  region size 1024K, 153 young (156672K), 9 survivors (9216K)
 Metaspace       used 52902K, committed 53440K, reserved 393216K
  class space    used 7513K, committed 7744K, reserved 327680K
}
Event: 6.136 GC heap after
{Heap after GC invocations=10 (full 0):
 garbage-first heap   total 262144K, used 51212K [0x00000007e0000000, 0x0000000800000000)
  region size 1024K, 20 young (20480K), 20 survivors (20480K)
 Metaspace       used 52902K, committed 53440K, reserved 393216K
  class space    used 7513K, committed 7744K, reserved 327680K
}

