# JRE version: OpenJDK Runtime Environment Corretto-17.0.7.7.1 (17.0.7+7) (build 17.0.7+7-LTS)
# Java VM: OpenJDK 64-Bit Server VM Corretto-17.0.7.7.1 (17.0.7+7-LTS, mixed mode, sharing, tiered, compressed oops, compressed class ptrs, g1 gc, bsd-amd64)
Heap:
 garbage-first heap   total 262144K, used 84368K [0x00000007e0000000, 0x0000000800000000)
  region size 1024K, 51 young (52224K), 19 survivors (19456K)
 Metaspace       used 54407K, committed 54976K, reserved 393216K
  class space    used 7737K, committed 8000K, reserved 327680K
GC Heap History (12 events):
Event: 0.346 GC heap before
{Heap before GC invocations=0 (full 0):
 garbage-first heap   total 264192K, used 27604K [0x00000007e0000000, 0x0000000800000000)
  region size 1024K, 23 young (23552K), 0 survivors (0K)
 Metaspace       used 2556K, committed 2688K, reserved 393216K
  class space    used 301K, committed 384K, reserved 327680K
}
Event: 0.349 GC heap after
{Heap after GC invocations=1 (full 0):
 garbage-first heap   total 264192K, used 11715K [0x00000007e0000000, 0x0000000800000000)
  region size 1024K, 3 young (3072K), 3 survivors (3072K)
 Metaspace       used 2556K, committed 2688K, reserved 393216K
  class space    used 301K, committed 384K, reserved 327680K
}
Event: 0.585 GC heap before
{Heap before GC invocations=1 (full 0):
 garbage-first heap   total 264192K, used 47555K [0x00000007e0000000, 0x0000000800000000)
  region size 1024K, 36 young (36864K), 3 survivors (3072K)
 Metaspace       used 4137K, committed 4352K, reserved 393216K
  class space    used 513K, committed 640K, reserved 327680K
}
Event: 0.587 GC heap after
{Heap after GC invocations=2 (full 0):
 garbage-first heap   total 264192K, used 17150K [0x00000007e0000000, 0x0000000800000000)
  region size 1024K, 5 young (5120K), 5 survivors (5120K)
 Metaspace       used 4137K, committed 4352K, reserved 393216K
  class space    used 513K, committed 640K, reserved 327680K
}
Event: 1.788 GC heap before
{Heap before GC invocations=2 (full 0):
 garbage-first heap   total 264192K, used 123646K [0x00000007e0000000, 0x0000000800000000)
  region size 1024K, 110 young (112640K), 5 survivors (5120K)
 Metaspace       used 21202K, committed 21504K, reserved 393216K
  class space    used 3152K, committed 3328K, reserved 327680K
}
Event: 1.793 GC heap after
{Heap after GC invocations=3 (full 0):
 garbage-first heap   total 264192K, used 23719K [0x00000007e0000000, 0x0000000800000000)
  region size 1024K, 11 young (11264K), 11 survivors (11264K)
 Metaspace       used 21202K, committed 21504K, reserved 393216K
  class space    used 3152K, committed 3328K, reserved 327680K
}
Event: 2.888 GC heap before
{Heap before GC invocations=4 (full 0):
 garbage-first heap   total 262144K, used 147623K [0x00000007e0000000, 0x0000000800000000)
  region size 1024K, 129 young (132096K), 11 survivors (11264K)
 Metaspace       used 35568K, committed 35968K, reserved 393216K
  class space    used 5031K, committed 5248K, reserved 327680K
}
Event: 2.899 GC heap after
{Heap after GC invocations=5 (full 0):
 garbage-first heap   total 262144K, used 33230K [0x00000007e0000000, 0x0000000800000000)
  region size 1024K, 16 young (16384K), 16 survivors (16384K)
 Metaspace       used 35568K, committed 35968K, reserved 393216K
  class space    used 5031K, committed 5248K, reserved 327680K
}
Event: 4.023 GC heap before
{Heap before GC invocations=6 (full 0):
 garbage-first heap   total 262144K, used 174542K [0x00000007e0000000, 0x0000000800000000)
  region size 1024K, 153 young (156672K), 16 survivors (16384K)
 Metaspace       used 48278K, committed 48832K, reserved 393216K
  class space    used 6996K, committed 7232K, reserved 327680K
}
Event: 4.034 GC heap after
{Heap after GC invocations=7 (full 0):
 garbage-first heap   total 262144K, used 40690K [0x00000007e0000000, 0x0000000800000000)
  region size 1024K, 17 young (17408K), 17 survivors (17408K)
 Metaspace       used 48278K, committed 48832K, reserved 393216K
  class space    used 6996K, committed 7232K, reserved 327680K
}
Event: 5.074 GC heap before
{Heap before GC invocations=7 (full 0):
 garbage-first heap   total 262144K, used 178930K [0x00000007e0000000, 0x0000000800000000)
  region size 1024K, 153 young (156672K), 17 survivors (17408K)
 Metaspace       used 52978K, committed 53504K, reserved 393216K
  class space    used 7506K, committed 7744K, reserved 327680K
}
Event: 5.084 GC heap after
{Heap after GC invocations=8 (full 0):
 garbage-first heap   total 262144K, used 51885K [0x00000007e0000000, 0x0000000800000000)
  region size 1024K, 19 young (19456K), 19 survivors (19456K)
 Metaspace       used 52978K, committed 53504K, reserved 393216K
  class space    used 7506K, committed 7744K, reserved 327680K
}

